2018-01-29 23:03:57,405 [ModalContext] INFO  o.e.m.c.i.e.AbstractTransferListenerAdapter - Downloading https://repo.maven.apache.org/maven2/org/apache/maven/archetypes/maven-archetype-quickstart/1.1/maven-archetype-quickstart-1.1.jar
2018-01-29 23:03:57,454 [ModalContext] INFO  o.e.m.c.i.e.AbstractTransferListenerAdapter - Downloaded https://repo.maven.apache.org/maven2/org/apache/maven/archetypes/maven-archetype-quickstart/1.1/maven-archetype-quickstart-1.1.jar
2018-01-29 23:03:57,493 [ModalContext] INFO  o.e.m.c.i.e.AbstractTransferListenerAdapter - Downloading https://repo.maven.apache.org/maven2/org/apache/maven/archetypes/maven-archetype-quickstart/1.1/maven-archetype-quickstart-1.1.pom
2018-01-29 23:03:57,526 [ModalContext] INFO  o.e.m.c.i.e.AbstractTransferListenerAdapter - Downloaded https://repo.maven.apache.org/maven2/org/apache/maven/archetypes/maven-archetype-quickstart/1.1/maven-archetype-quickstart-1.1.pom
2018-01-29 23:04:56,296 [Worker-13] INFO  o.e.m.c.i.p.ProjectConfigurationManager - Collecting project info '/pom.xml' /Users/Kabir/Sandbox/Java/udemy/Spring1/springcore/pom.xml
2018-01-29 23:04:58,363 [Worker-13] INFO  o.e.m.c.i.e.AbstractTransferListenerAdapter - Downloading https://repo.maven.apache.org/maven2/org/apache/maven/plugins/maven-compiler-plugin/3.1/maven-compiler-plugin-3.1.jar
2018-01-29 23:04:58,603 [Worker-13] INFO  o.e.m.c.i.e.AbstractTransferListenerAdapter - Downloaded https://repo.maven.apache.org/maven2/org/apache/maven/plugins/maven-compiler-plugin/3.1/maven-compiler-plugin-3.1.jar
2018-01-29 23:04:58,780 [Worker-13] INFO  o.e.m.c.i.e.AbstractTransferListenerAdapter - Downloading https://repo.maven.apache.org/maven2/org/apache/maven/plugins/maven-compiler-plugin/3.1/maven-compiler-plugin-3.1.pom
2018-01-29 23:04:58,864 [Worker-13] INFO  o.e.m.c.i.e.AbstractTransferListenerAdapter - Downloaded https://repo.maven.apache.org/maven2/org/apache/maven/plugins/maven-compiler-plugin/3.1/maven-compiler-plugin-3.1.pom
2018-01-29 23:04:58,961 [Worker-13] INFO  o.e.m.c.i.e.AbstractTransferListenerAdapter - Downloading https://repo.maven.apache.org/maven2/org/apache/maven/plugins/maven-plugins/24/maven-plugins-24.pom
2018-01-29 23:04:59,047 [Worker-13] INFO  o.e.m.c.i.e.AbstractTransferListenerAdapter - Downloaded https://repo.maven.apache.org/maven2/org/apache/maven/plugins/maven-plugins/24/maven-plugins-24.pom
2018-01-29 23:04:59,735 [Worker-13] INFO  o.e.m.c.i.e.AbstractTransferListenerAdapter - Downloading https://repo.maven.apache.org/maven2/org/codehaus/plexus/plexus-compiler-api/2.2/plexus-compiler-api-2.2.pom
2018-01-29 23:04:59,820 [Worker-13] INFO  o.e.m.c.i.e.AbstractTransferListenerAdapter - Downloaded https://repo.maven.apache.org/maven2/org/codehaus/plexus/plexus-compiler-api/2.2/plexus-compiler-api-2.2.pom
2018-01-29 23:04:59,904 [Worker-13] INFO  o.e.m.c.i.e.AbstractTransferListenerAdapter - Downloading https://repo.maven.apache.org/maven2/org/codehaus/plexus/plexus-compiler/2.2/plexus-compiler-2.2.pom
2018-01-29 23:04:59,989 [Worker-13] INFO  o.e.m.c.i.e.AbstractTransferListenerAdapter - Downloaded https://repo.maven.apache.org/maven2/org/codehaus/plexus/plexus-compiler/2.2/plexus-compiler-2.2.pom
2018-01-29 23:05:00,086 [Worker-13] INFO  o.e.m.c.i.e.AbstractTransferListenerAdapter - Downloading https://repo.maven.apache.org/maven2/org/codehaus/plexus/plexus-utils/3.0.8/plexus-utils-3.0.8.pom
2018-01-29 23:05:00,169 [Worker-13] INFO  o.e.m.c.i.e.AbstractTransferListenerAdapter - Downloaded https://repo.maven.apache.org/maven2/org/codehaus/plexus/plexus-utils/3.0.8/plexus-utils-3.0.8.pom
2018-01-29 23:05:00,258 [Worker-13] INFO  o.e.m.c.i.e.AbstractTransferListenerAdapter - Downloading https://repo.maven.apache.org/maven2/org/codehaus/plexus/plexus/3.2/plexus-3.2.pom
2018-01-29 23:05:00,347 [Worker-13] INFO  o.e.m.c.i.e.AbstractTransferListenerAdapter - Downloaded https://repo.maven.apache.org/maven2/org/codehaus/plexus/plexus/3.2/plexus-3.2.pom
2018-01-29 23:05:00,431 [Worker-13] INFO  o.e.m.c.i.e.AbstractTransferListenerAdapter - Downloading https://repo.maven.apache.org/maven2/org/codehaus/plexus/plexus-compiler-manager/2.2/plexus-compiler-manager-2.2.pom
2018-01-29 23:05:00,514 [Worker-13] INFO  o.e.m.c.i.e.AbstractTransferListenerAdapter - Downloaded https://repo.maven.apache.org/maven2/org/codehaus/plexus/plexus-compiler-manager/2.2/plexus-compiler-manager-2.2.pom
2018-01-29 23:05:00,597 [Worker-13] INFO  o.e.m.c.i.e.AbstractTransferListenerAdapter - Downloading https://repo.maven.apache.org/maven2/org/codehaus/plexus/plexus-compiler-javac/2.2/plexus-compiler-javac-2.2.pom
2018-01-29 23:05:00,682 [Worker-13] INFO  o.e.m.c.i.e.AbstractTransferListenerAdapter - Downloaded https://repo.maven.apache.org/maven2/org/codehaus/plexus/plexus-compiler-javac/2.2/plexus-compiler-javac-2.2.pom
2018-01-29 23:05:00,762 [Worker-13] INFO  o.e.m.c.i.e.AbstractTransferListenerAdapter - Downloading https://repo.maven.apache.org/maven2/org/codehaus/plexus/plexus-compilers/2.2/plexus-compilers-2.2.pom
2018-01-29 23:05:00,846 [Worker-13] INFO  o.e.m.c.i.e.AbstractTransferListenerAdapter - Downloaded https://repo.maven.apache.org/maven2/org/codehaus/plexus/plexus-compilers/2.2/plexus-compilers-2.2.pom
2018-01-29 23:05:01,000 [Worker-13] INFO  o.e.m.c.i.e.AbstractTransferListenerAdapter - Downloading https://repo.maven.apache.org/maven2/org/codehaus/plexus/plexus-compiler-api/2.2/plexus-compiler-api-2.2.jar
2018-01-29 23:05:01,098 [Worker-13] INFO  o.e.m.c.i.e.AbstractTransferListenerAdapter - Downloaded https://repo.maven.apache.org/maven2/org/codehaus/plexus/plexus-compiler-api/2.2/plexus-compiler-api-2.2.jar
2018-01-29 23:05:01,179 [Worker-13] INFO  o.e.m.c.i.e.AbstractTransferListenerAdapter - Downloading https://repo.maven.apache.org/maven2/org/codehaus/plexus/plexus-compiler-manager/2.2/plexus-compiler-manager-2.2.jar
2018-01-29 23:05:01,265 [Worker-13] INFO  o.e.m.c.i.e.AbstractTransferListenerAdapter - Downloaded https://repo.maven.apache.org/maven2/org/codehaus/plexus/plexus-compiler-manager/2.2/plexus-compiler-manager-2.2.jar
2018-01-29 23:05:01,342 [Worker-13] INFO  o.e.m.c.i.e.AbstractTransferListenerAdapter - Downloading https://repo.maven.apache.org/maven2/org/codehaus/plexus/plexus-compiler-javac/2.2/plexus-compiler-javac-2.2.jar
2018-01-29 23:05:01,436 [Worker-13] INFO  o.e.m.c.i.e.AbstractTransferListenerAdapter - Downloaded https://repo.maven.apache.org/maven2/org/codehaus/plexus/plexus-compiler-javac/2.2/plexus-compiler-javac-2.2.jar
2018-01-29 23:05:01,603 [Worker-13] INFO  o.e.m.c.i.l.LifecycleMappingFactory - Using org.eclipse.m2e.jdt.JarLifecycleMapping lifecycle mapping for MavenProject: me.ankit.Spring:springcore:0.0.1-SNAPSHOT @ /Users/Kabir/Sandbox/Java/udemy/Spring1/springcore/pom.xml.
2018-01-29 23:05:02,527 [Worker-13] INFO  o.e.m.j.i.AbstractJavaProjectConfigurator - Adding source folder /springcore/src/main/java
2018-01-29 23:05:02,530 [Worker-13] INFO  o.e.m.j.i.AbstractJavaProjectConfigurator - Adding source folder /springcore/src/test/java
2018-01-29 23:05:03,463 [Worker-13] INFO  o.e.m.c.i.p.ProjectConfigurationManager - Imported and configured 1 project(s) in 7 sec
2018-01-29 23:05:04,216 [Worker-18] INFO  o.e.m.c.i.embedder.EclipseLogger - Using 'UTF-8' encoding to copy filtered resources.
2018-01-29 23:05:04,217 [Worker-18] INFO  o.e.m.c.i.embedder.EclipseLogger - skip non existing resourceDirectory /Users/Kabir/Sandbox/Java/udemy/Spring1/springcore/src/main/resources
2018-01-29 23:05:04,220 [Worker-18] INFO  o.e.m.c.i.embedder.EclipseLogger - Using 'UTF-8' encoding to copy filtered resources.
2018-01-29 23:05:04,220 [Worker-18] INFO  o.e.m.c.i.embedder.EclipseLogger - skip non existing resourceDirectory /Users/Kabir/Sandbox/Java/udemy/Spring1/springcore/src/test/resources
2018-01-29 23:05:18,959 [Worker-23] INFO  o.e.m.c.i.embedder.EclipseLogger - Using 'UTF-8' encoding to copy filtered resources.
2018-01-29 23:05:18,961 [Worker-23] INFO  o.e.m.c.i.embedder.EclipseLogger - skip non existing resourceDirectory /Users/Kabir/Sandbox/Java/udemy/Spring1/springcore/src/main/resources
2018-01-29 23:05:18,964 [Worker-23] INFO  o.e.m.c.i.embedder.EclipseLogger - Using 'UTF-8' encoding to copy filtered resources.
2018-01-29 23:05:18,964 [Worker-23] INFO  o.e.m.c.i.embedder.EclipseLogger - skip non existing resourceDirectory /Users/Kabir/Sandbox/Java/udemy/Spring1/springcore/src/test/resources
2018-01-29 23:09:50,620 [Worker-22] INFO  o.e.m.c.i.l.LifecycleMappingFactory - Using org.eclipse.m2e.jdt.JarLifecycleMapping lifecycle mapping for MavenProject: me.ankit.Spring:springcore:0.0.1-SNAPSHOT @ /Users/Kabir/Sandbox/Java/udemy/Spring1/springcore/pom.xml.
2018-01-29 23:09:51,020 [Worker-22] WARN  o.e.m.c.i.embedder.EclipseLogger - Using platform encoding (UTF-8 actually) to copy filtered resources, i.e. build is platform dependent!
2018-01-29 23:09:51,043 [Worker-22] INFO  o.e.m.c.i.embedder.EclipseLogger - skip non existing resourceDirectory /Users/Kabir/Sandbox/Java/udemy/Spring1/springcore/src/main/resources
2018-01-29 23:09:51,047 [Worker-22] WARN  o.e.m.c.i.embedder.EclipseLogger - Using platform encoding (UTF-8 actually) to copy filtered resources, i.e. build is platform dependent!
2018-01-29 23:09:51,048 [Worker-22] INFO  o.e.m.c.i.embedder.EclipseLogger - skip non existing resourceDirectory /Users/Kabir/Sandbox/Java/udemy/Spring1/springcore/src/test/resources
2018-01-29 23:09:52,838 [Worker-18] WARN  o.e.m.c.i.embedder.EclipseLogger - Using platform encoding (UTF-8 actually) to copy filtered resources, i.e. build is platform dependent!
2018-01-29 23:09:52,839 [Worker-18] INFO  o.e.m.c.i.embedder.EclipseLogger - skip non existing resourceDirectory /Users/Kabir/Sandbox/Java/udemy/Spring1/springcore/src/main/resources
2018-01-29 23:09:52,843 [Worker-18] WARN  o.e.m.c.i.embedder.EclipseLogger - Using platform encoding (UTF-8 actually) to copy filtered resources, i.e. build is platform dependent!
2018-01-29 23:09:52,844 [Worker-18] INFO  o.e.m.c.i.embedder.EclipseLogger - skip non existing resourceDirectory /Users/Kabir/Sandbox/Java/udemy/Spring1/springcore/src/test/resources
2018-01-29 23:11:40,283 [Worker-8] INFO  o.e.m.c.i.l.LifecycleMappingFactory - Using org.eclipse.m2e.jdt.JarLifecycleMapping lifecycle mapping for MavenProject: me.ankit.Spring:springcore:0.0.1-SNAPSHOT @ /Users/Kabir/Sandbox/Java/udemy/Spring1/springcore/pom.xml.
2018-01-29 23:11:40,470 [Worker-8] WARN  o.e.m.c.i.embedder.EclipseLogger - Using platform encoding (UTF-8 actually) to copy filtered resources, i.e. build is platform dependent!
2018-01-29 23:11:40,474 [Worker-8] INFO  o.e.m.c.i.embedder.EclipseLogger - skip non existing resourceDirectory /Users/Kabir/Sandbox/Java/udemy/Spring1/springcore/src/main/resources
2018-01-29 23:11:40,477 [Worker-8] WARN  o.e.m.c.i.embedder.EclipseLogger - Using platform encoding (UTF-8 actually) to copy filtered resources, i.e. build is platform dependent!
2018-01-29 23:11:40,478 [Worker-8] INFO  o.e.m.c.i.embedder.EclipseLogger - skip non existing resourceDirectory /Users/Kabir/Sandbox/Java/udemy/Spring1/springcore/src/test/resources
2018-01-29 23:13:50,297 [Worker-8] INFO  o.e.m.c.i.p.ProjectConfigurationManager - Update started
2018-01-29 23:13:50,809 [Worker-8] INFO  o.e.m.c.i.l.LifecycleMappingFactory - Using org.eclipse.m2e.jdt.JarLifecycleMapping lifecycle mapping for MavenProject: me.ankit.Spring:springcore:0.0.1-SNAPSHOT @ /Users/Kabir/Sandbox/Java/udemy/Spring1/springcore/pom.xml.
2018-01-29 23:13:50,992 [Worker-8] INFO  o.e.m.j.i.AbstractJavaProjectConfigurator - Adding source folder /springcore/src/main/java
2018-01-29 23:13:50,994 [Worker-8] INFO  o.e.m.j.i.AbstractJavaProjectConfigurator - Adding source folder /springcore/src/test/java
2018-01-29 23:13:51,210 [Worker-8] INFO  o.e.m.c.i.p.ProjectConfigurationManager - Update completed: 0 sec
2018-01-29 23:13:51,427 [Worker-23] WARN  o.e.m.c.i.embedder.EclipseLogger - Using platform encoding (UTF-8 actually) to copy filtered resources, i.e. build is platform dependent!
2018-01-29 23:13:51,431 [Worker-23] INFO  o.e.m.c.i.embedder.EclipseLogger - skip non existing resourceDirectory /Users/Kabir/Sandbox/Java/udemy/Spring1/springcore/src/main/resources
2018-01-29 23:13:51,434 [Worker-23] WARN  o.e.m.c.i.embedder.EclipseLogger - Using platform encoding (UTF-8 actually) to copy filtered resources, i.e. build is platform dependent!
2018-01-29 23:13:51,435 [Worker-23] INFO  o.e.m.c.i.embedder.EclipseLogger - skip non existing resourceDirectory /Users/Kabir/Sandbox/Java/udemy/Spring1/springcore/src/test/resources
2018-01-29 23:19:50,644 [Worker-24] WARN  o.e.m.c.i.embedder.EclipseLogger - Using platform encoding (UTF-8 actually) to copy filtered resources, i.e. build is platform dependent!
2018-01-29 23:19:50,647 [Worker-24] INFO  o.e.m.c.i.embedder.EclipseLogger - skip non existing resourceDirectory /Users/Kabir/Sandbox/Java/udemy/Spring1/springcore/src/main/resources
2018-01-29 23:19:50,649 [Worker-24] WARN  o.e.m.c.i.embedder.EclipseLogger - Using platform encoding (UTF-8 actually) to copy filtered resources, i.e. build is platform dependent!
2018-01-29 23:19:50,650 [Worker-24] INFO  o.e.m.c.i.embedder.EclipseLogger - skip non existing resourceDirectory /Users/Kabir/Sandbox/Java/udemy/Spring1/springcore/src/test/resources
2018-01-29 23:20:44,318 [Worker-24] WARN  o.e.m.c.i.embedder.EclipseLogger - Using platform encoding (UTF-8 actually) to copy filtered resources, i.e. build is platform dependent!
2018-01-29 23:20:44,322 [Worker-24] INFO  o.e.m.c.i.embedder.EclipseLogger - skip non existing resourceDirectory /Users/Kabir/Sandbox/Java/udemy/Spring1/springcore/src/main/resources
2018-01-29 23:20:44,326 [Worker-24] WARN  o.e.m.c.i.embedder.EclipseLogger - Using platform encoding (UTF-8 actually) to copy filtered resources, i.e. build is platform dependent!
2018-01-29 23:20:44,333 [Worker-24] INFO  o.e.m.c.i.embedder.EclipseLogger - skip non existing resourceDirectory /Users/Kabir/Sandbox/Java/udemy/Spring1/springcore/src/test/resources
2018-01-29 23:27:04,860 [Worker-26] WARN  o.e.m.c.i.embedder.EclipseLogger - Using platform encoding (UTF-8 actually) to copy filtered resources, i.e. build is platform dependent!
2018-01-29 23:27:04,864 [Worker-26] INFO  o.e.m.c.i.embedder.EclipseLogger - skip non existing resourceDirectory /Users/Kabir/Sandbox/Java/udemy/Spring1/springcore/src/main/resources
2018-01-29 23:27:04,866 [Worker-26] WARN  o.e.m.c.i.embedder.EclipseLogger - Using platform encoding (UTF-8 actually) to copy filtered resources, i.e. build is platform dependent!
2018-01-29 23:27:04,869 [Worker-26] INFO  o.e.m.c.i.embedder.EclipseLogger - skip non existing resourceDirectory /Users/Kabir/Sandbox/Java/udemy/Spring1/springcore/src/test/resources
2018-01-29 23:27:11,010 [Worker-27] WARN  o.e.m.c.i.embedder.EclipseLogger - Using platform encoding (UTF-8 actually) to copy filtered resources, i.e. build is platform dependent!
2018-01-29 23:27:11,011 [Worker-27] INFO  o.e.m.c.i.embedder.EclipseLogger - skip non existing resourceDirectory /Users/Kabir/Sandbox/Java/udemy/Spring1/springcore/src/main/resources
2018-01-29 23:27:11,013 [Worker-27] WARN  o.e.m.c.i.embedder.EclipseLogger - Using platform encoding (UTF-8 actually) to copy filtered resources, i.e. build is platform dependent!
2018-01-29 23:27:11,014 [Worker-27] INFO  o.e.m.c.i.embedder.EclipseLogger - skip non existing resourceDirectory /Users/Kabir/Sandbox/Java/udemy/Spring1/springcore/src/test/resources
2018-01-29 23:30:27,809 [Worker-13] WARN  o.e.m.c.i.embedder.EclipseLogger - Using platform encoding (UTF-8 actually) to copy filtered resources, i.e. build is platform dependent!
2018-01-29 23:30:27,815 [Worker-13] INFO  o.e.m.c.i.embedder.EclipseLogger - skip non existing resourceDirectory /Users/Kabir/Sandbox/Java/udemy/Spring1/springcore/src/main/resources
2018-01-29 23:30:27,818 [Worker-13] WARN  o.e.m.c.i.embedder.EclipseLogger - Using platform encoding (UTF-8 actually) to copy filtered resources, i.e. build is platform dependent!
2018-01-29 23:30:27,818 [Worker-13] INFO  o.e.m.c.i.embedder.EclipseLogger - skip non existing resourceDirectory /Users/Kabir/Sandbox/Java/udemy/Spring1/springcore/src/test/resources
2018-01-29 23:32:41,371 [Worker-30] WARN  o.e.m.c.i.embedder.EclipseLogger - Using platform encoding (UTF-8 actually) to copy filtered resources, i.e. build is platform dependent!
2018-01-29 23:32:41,375 [Worker-30] INFO  o.e.m.c.i.embedder.EclipseLogger - skip non existing resourceDirectory /Users/Kabir/Sandbox/Java/udemy/Spring1/springcore/src/main/resources
2018-01-29 23:32:41,377 [Worker-30] WARN  o.e.m.c.i.embedder.EclipseLogger - Using platform encoding (UTF-8 actually) to copy filtered resources, i.e. build is platform dependent!
2018-01-29 23:32:41,377 [Worker-30] INFO  o.e.m.c.i.embedder.EclipseLogger - skip non existing resourceDirectory /Users/Kabir/Sandbox/Java/udemy/Spring1/springcore/src/test/resources
2018-01-29 23:37:23,976 [Worker-33] WARN  o.e.m.c.i.embedder.EclipseLogger - Using platform encoding (UTF-8 actually) to copy filtered resources, i.e. build is platform dependent!
2018-01-29 23:37:23,978 [Worker-33] INFO  o.e.m.c.i.embedder.EclipseLogger - skip non existing resourceDirectory /Users/Kabir/Sandbox/Java/udemy/Spring1/springcore/src/main/resources
2018-01-29 23:37:23,982 [Worker-33] WARN  o.e.m.c.i.embedder.EclipseLogger - Using platform encoding (UTF-8 actually) to copy filtered resources, i.e. build is platform dependent!
2018-01-29 23:37:23,983 [Worker-33] INFO  o.e.m.c.i.embedder.EclipseLogger - skip non existing resourceDirectory /Users/Kabir/Sandbox/Java/udemy/Spring1/springcore/src/test/resources
2018-01-29 23:37:31,801 [Worker-31] WARN  o.e.m.c.i.embedder.EclipseLogger - Using platform encoding (UTF-8 actually) to copy filtered resources, i.e. build is platform dependent!
2018-01-29 23:37:31,802 [Worker-31] INFO  o.e.m.c.i.embedder.EclipseLogger - skip non existing resourceDirectory /Users/Kabir/Sandbox/Java/udemy/Spring1/springcore/src/main/resources
2018-01-29 23:37:31,803 [Worker-31] WARN  o.e.m.c.i.embedder.EclipseLogger - Using platform encoding (UTF-8 actually) to copy filtered resources, i.e. build is platform dependent!
2018-01-29 23:37:31,804 [Worker-31] INFO  o.e.m.c.i.embedder.EclipseLogger - skip non existing resourceDirectory /Users/Kabir/Sandbox/Java/udemy/Spring1/springcore/src/test/resources
2018-01-29 23:42:10,546 [Worker-31] WARN  o.e.m.c.i.embedder.EclipseLogger - Using platform encoding (UTF-8 actually) to copy filtered resources, i.e. build is platform dependent!
2018-01-29 23:42:10,548 [Worker-31] INFO  o.e.m.c.i.embedder.EclipseLogger - skip non existing resourceDirectory /Users/Kabir/Sandbox/Java/udemy/Spring1/springcore/src/main/resources
2018-01-29 23:42:10,550 [Worker-31] WARN  o.e.m.c.i.embedder.EclipseLogger - Using platform encoding (UTF-8 actually) to copy filtered resources, i.e. build is platform dependent!
2018-01-29 23:42:10,550 [Worker-31] INFO  o.e.m.c.i.embedder.EclipseLogger - skip non existing resourceDirectory /Users/Kabir/Sandbox/Java/udemy/Spring1/springcore/src/test/resources
2018-01-29 23:42:48,046 [Worker-26] WARN  o.e.m.c.i.embedder.EclipseLogger - Using platform encoding (UTF-8 actually) to copy filtered resources, i.e. build is platform dependent!
2018-01-29 23:42:48,050 [Worker-26] INFO  o.e.m.c.i.embedder.EclipseLogger - skip non existing resourceDirectory /Users/Kabir/Sandbox/Java/udemy/Spring1/springcore/src/main/resources
2018-01-29 23:42:48,052 [Worker-26] WARN  o.e.m.c.i.embedder.EclipseLogger - Using platform encoding (UTF-8 actually) to copy filtered resources, i.e. build is platform dependent!
2018-01-29 23:42:48,053 [Worker-26] INFO  o.e.m.c.i.embedder.EclipseLogger - skip non existing resourceDirectory /Users/Kabir/Sandbox/Java/udemy/Spring1/springcore/src/test/resources
2018-01-29 23:44:08,885 [Worker-33] WARN  o.e.m.c.i.embedder.EclipseLogger - Using platform encoding (UTF-8 actually) to copy filtered resources, i.e. build is platform dependent!
2018-01-29 23:44:08,886 [Worker-33] INFO  o.e.m.c.i.embedder.EclipseLogger - skip non existing resourceDirectory /Users/Kabir/Sandbox/Java/udemy/Spring1/springcore/src/main/resources
2018-01-29 23:44:08,888 [Worker-33] WARN  o.e.m.c.i.embedder.EclipseLogger - Using platform encoding (UTF-8 actually) to copy filtered resources, i.e. build is platform dependent!
2018-01-29 23:44:08,888 [Worker-33] INFO  o.e.m.c.i.embedder.EclipseLogger - skip non existing resourceDirectory /Users/Kabir/Sandbox/Java/udemy/Spring1/springcore/src/test/resources
2018-01-29 23:44:13,887 [Worker-31] WARN  o.e.m.c.i.embedder.EclipseLogger - Using platform encoding (UTF-8 actually) to copy filtered resources, i.e. build is platform dependent!
2018-01-29 23:44:13,888 [Worker-31] INFO  o.e.m.c.i.embedder.EclipseLogger - skip non existing resourceDirectory /Users/Kabir/Sandbox/Java/udemy/Spring1/springcore/src/main/resources
2018-01-29 23:44:13,890 [Worker-31] WARN  o.e.m.c.i.embedder.EclipseLogger - Using platform encoding (UTF-8 actually) to copy filtered resources, i.e. build is platform dependent!
2018-01-29 23:44:13,890 [Worker-31] INFO  o.e.m.c.i.embedder.EclipseLogger - skip non existing resourceDirectory /Users/Kabir/Sandbox/Java/udemy/Spring1/springcore/src/test/resources
2018-01-29 23:44:25,304 [Worker-32] WARN  o.e.m.c.i.embedder.EclipseLogger - Using platform encoding (UTF-8 actually) to copy filtered resources, i.e. build is platform dependent!
2018-01-29 23:44:25,305 [Worker-32] INFO  o.e.m.c.i.embedder.EclipseLogger - skip non existing resourceDirectory /Users/Kabir/Sandbox/Java/udemy/Spring1/springcore/src/main/resources
2018-01-29 23:44:25,306 [Worker-32] WARN  o.e.m.c.i.embedder.EclipseLogger - Using platform encoding (UTF-8 actually) to copy filtered resources, i.e. build is platform dependent!
2018-01-29 23:44:25,307 [Worker-32] INFO  o.e.m.c.i.embedder.EclipseLogger - skip non existing resourceDirectory /Users/Kabir/Sandbox/Java/udemy/Spring1/springcore/src/test/resources
2018-01-29 23:46:11,267 [Worker-32] WARN  o.e.m.c.i.embedder.EclipseLogger - Using platform encoding (UTF-8 actually) to copy filtered resources, i.e. build is platform dependent!
2018-01-29 23:46:11,268 [Worker-32] INFO  o.e.m.c.i.embedder.EclipseLogger - skip non existing resourceDirectory /Users/Kabir/Sandbox/Java/udemy/Spring1/springcore/src/main/resources
2018-01-29 23:46:11,269 [Worker-32] WARN  o.e.m.c.i.embedder.EclipseLogger - Using platform encoding (UTF-8 actually) to copy filtered resources, i.e. build is platform dependent!
2018-01-29 23:46:11,270 [Worker-32] INFO  o.e.m.c.i.embedder.EclipseLogger - skip non existing resourceDirectory /Users/Kabir/Sandbox/Java/udemy/Spring1/springcore/src/test/resources
2018-01-29 23:47:16,969 [Worker-36] INFO  o.e.m.c.i.p.ProjectConfigurationManager - Update started
2018-01-29 23:47:17,474 [Worker-36] INFO  o.e.m.c.i.l.LifecycleMappingFactory - Using org.eclipse.m2e.jdt.JarLifecycleMapping lifecycle mapping for MavenProject: me.ankit.Spring:springcore:0.0.1-SNAPSHOT @ /Users/Kabir/Sandbox/Java/udemy/Spring1/springcore/pom.xml.
2018-01-29 23:47:17,662 [Worker-36] INFO  o.e.m.j.i.AbstractJavaProjectConfigurator - Adding source folder /springcore/src/main/java
2018-01-29 23:47:17,663 [Worker-36] INFO  o.e.m.j.i.AbstractJavaProjectConfigurator - Adding source folder /springcore/src/test/java
2018-01-29 23:47:17,744 [Worker-36] INFO  o.e.m.c.i.p.ProjectConfigurationManager - Update completed: 0 sec
2018-01-29 23:47:17,959 [Worker-35] WARN  o.e.m.c.i.embedder.EclipseLogger - Using platform encoding (UTF-8 actually) to copy filtered resources, i.e. build is platform dependent!
2018-01-29 23:47:17,963 [Worker-35] INFO  o.e.m.c.i.embedder.EclipseLogger - skip non existing resourceDirectory /Users/Kabir/Sandbox/Java/udemy/Spring1/springcore/src/main/resources
2018-01-29 23:47:17,965 [Worker-35] WARN  o.e.m.c.i.embedder.EclipseLogger - Using platform encoding (UTF-8 actually) to copy filtered resources, i.e. build is platform dependent!
2018-01-29 23:47:17,966 [Worker-35] INFO  o.e.m.c.i.embedder.EclipseLogger - skip non existing resourceDirectory /Users/Kabir/Sandbox/Java/udemy/Spring1/springcore/src/test/resources
2018-01-29 23:48:24,726 [Worker-26] WARN  o.e.m.c.i.embedder.EclipseLogger - Using platform encoding (UTF-8 actually) to copy filtered resources, i.e. build is platform dependent!
2018-01-29 23:48:24,730 [Worker-26] INFO  o.e.m.c.i.embedder.EclipseLogger - skip non existing resourceDirectory /Users/Kabir/Sandbox/Java/udemy/Spring1/springcore/src/main/resources
2018-01-29 23:48:24,732 [Worker-26] WARN  o.e.m.c.i.embedder.EclipseLogger - Using platform encoding (UTF-8 actually) to copy filtered resources, i.e. build is platform dependent!
2018-01-29 23:48:24,732 [Worker-26] INFO  o.e.m.c.i.embedder.EclipseLogger - skip non existing resourceDirectory /Users/Kabir/Sandbox/Java/udemy/Spring1/springcore/src/test/resources
2018-01-29 23:51:26,041 [Worker-32] WARN  o.e.m.c.i.embedder.EclipseLogger - Using platform encoding (UTF-8 actually) to copy filtered resources, i.e. build is platform dependent!
2018-01-29 23:51:26,044 [Worker-32] INFO  o.e.m.c.i.embedder.EclipseLogger - skip non existing resourceDirectory /Users/Kabir/Sandbox/Java/udemy/Spring1/springcore/src/main/resources
2018-01-29 23:51:26,045 [Worker-32] WARN  o.e.m.c.i.embedder.EclipseLogger - Using platform encoding (UTF-8 actually) to copy filtered resources, i.e. build is platform dependent!
2018-01-29 23:51:26,046 [Worker-32] INFO  o.e.m.c.i.embedder.EclipseLogger - skip non existing resourceDirectory /Users/Kabir/Sandbox/Java/udemy/Spring1/springcore/src/test/resources
2018-01-29 23:51:31,095 [Worker-37] WARN  o.e.m.c.i.embedder.EclipseLogger - Using platform encoding (UTF-8 actually) to copy filtered resources, i.e. build is platform dependent!
2018-01-29 23:51:31,095 [Worker-37] INFO  o.e.m.c.i.embedder.EclipseLogger - skip non existing resourceDirectory /Users/Kabir/Sandbox/Java/udemy/Spring1/springcore/src/main/resources
2018-01-29 23:51:31,096 [Worker-37] WARN  o.e.m.c.i.embedder.EclipseLogger - Using platform encoding (UTF-8 actually) to copy filtered resources, i.e. build is platform dependent!
2018-01-29 23:51:31,097 [Worker-37] INFO  o.e.m.c.i.embedder.EclipseLogger - skip non existing resourceDirectory /Users/Kabir/Sandbox/Java/udemy/Spring1/springcore/src/test/resources
2018-01-29 23:51:34,337 [Worker-34] WARN  o.e.m.c.i.embedder.EclipseLogger - Using platform encoding (UTF-8 actually) to copy filtered resources, i.e. build is platform dependent!
2018-01-29 23:51:34,338 [Worker-34] INFO  o.e.m.c.i.embedder.EclipseLogger - skip non existing resourceDirectory /Users/Kabir/Sandbox/Java/udemy/Spring1/springcore/src/main/resources
2018-01-29 23:51:34,340 [Worker-34] WARN  o.e.m.c.i.embedder.EclipseLogger - Using platform encoding (UTF-8 actually) to copy filtered resources, i.e. build is platform dependent!
2018-01-29 23:51:34,341 [Worker-34] INFO  o.e.m.c.i.embedder.EclipseLogger - skip non existing resourceDirectory /Users/Kabir/Sandbox/Java/udemy/Spring1/springcore/src/test/resources
2018-01-29 23:53:52,869 [Worker-35] WARN  o.e.m.c.i.embedder.EclipseLogger - Using platform encoding (UTF-8 actually) to copy filtered resources, i.e. build is platform dependent!
2018-01-29 23:53:52,887 [Worker-35] INFO  o.e.m.c.i.embedder.EclipseLogger - Copying 0 resource
2018-01-29 23:53:52,889 [Worker-35] WARN  o.e.m.c.i.embedder.EclipseLogger - Using platform encoding (UTF-8 actually) to copy filtered resources, i.e. build is platform dependent!
2018-01-29 23:53:52,890 [Worker-35] INFO  o.e.m.c.i.embedder.EclipseLogger - skip non existing resourceDirectory /Users/Kabir/Sandbox/Java/udemy/Spring1/springcore/src/test/resources
2018-01-29 23:54:05,506 [Worker-38] WARN  o.e.m.c.i.embedder.EclipseLogger - Using platform encoding (UTF-8 actually) to copy filtered resources, i.e. build is platform dependent!
2018-01-29 23:54:05,512 [Worker-38] INFO  o.e.m.c.i.embedder.EclipseLogger - Copying 1 resource
2018-01-29 23:54:05,526 [Worker-38] WARN  o.e.m.c.i.embedder.EclipseLogger - Using platform encoding (UTF-8 actually) to copy filtered resources, i.e. build is platform dependent!
2018-01-29 23:54:05,527 [Worker-38] INFO  o.e.m.c.i.embedder.EclipseLogger - skip non existing resourceDirectory /Users/Kabir/Sandbox/Java/udemy/Spring1/springcore/src/test/resources
2018-01-30 21:17:47,008 [Worker-19] WARN  o.e.m.c.i.embedder.EclipseLogger - Using platform encoding (UTF-8 actually) to copy filtered resources, i.e. build is platform dependent!
2018-01-30 21:17:47,025 [Worker-19] INFO  o.e.m.c.i.embedder.EclipseLogger - Copying 1 resource
2018-01-30 21:17:47,036 [Worker-19] WARN  o.e.m.c.i.embedder.EclipseLogger - Using platform encoding (UTF-8 actually) to copy filtered resources, i.e. build is platform dependent!
2018-01-30 21:17:47,038 [Worker-19] INFO  o.e.m.c.i.embedder.EclipseLogger - skip non existing resourceDirectory /Users/Kabir/Sandbox/Java/udemy/Spring1/springcore/src/test/resources
2018-01-30 21:18:26,178 [Worker-18] WARN  o.e.m.c.i.embedder.EclipseLogger - Using platform encoding (UTF-8 actually) to copy filtered resources, i.e. build is platform dependent!
2018-01-30 21:18:26,186 [Worker-18] INFO  o.e.m.c.i.embedder.EclipseLogger - Copying 1 resource
2018-01-30 21:18:26,188 [Worker-18] WARN  o.e.m.c.i.embedder.EclipseLogger - Using platform encoding (UTF-8 actually) to copy filtered resources, i.e. build is platform dependent!
2018-01-30 21:18:26,189 [Worker-18] INFO  o.e.m.c.i.embedder.EclipseLogger - skip non existing resourceDirectory /Users/Kabir/Sandbox/Java/udemy/Spring1/springcore/src/test/resources
2018-01-30 21:18:46,609 [Worker-18] WARN  o.e.m.c.i.embedder.EclipseLogger - Using platform encoding (UTF-8 actually) to copy filtered resources, i.e. build is platform dependent!
2018-01-30 21:18:46,611 [Worker-18] INFO  o.e.m.c.i.embedder.EclipseLogger - Copying 1 resource
2018-01-30 21:18:46,613 [Worker-18] WARN  o.e.m.c.i.embedder.EclipseLogger - Using platform encoding (UTF-8 actually) to copy filtered resources, i.e. build is platform dependent!
2018-01-30 21:18:46,614 [Worker-18] INFO  o.e.m.c.i.embedder.EclipseLogger - skip non existing resourceDirectory /Users/Kabir/Sandbox/Java/udemy/Spring1/springcore/src/test/resources
2018-01-30 21:19:28,850 [Worker-17] WARN  o.e.m.c.i.embedder.EclipseLogger - Using platform encoding (UTF-8 actually) to copy filtered resources, i.e. build is platform dependent!
2018-01-30 21:19:28,851 [Worker-17] INFO  o.e.m.c.i.embedder.EclipseLogger - Copying 1 resource
2018-01-30 21:19:28,853 [Worker-17] WARN  o.e.m.c.i.embedder.EclipseLogger - Using platform encoding (UTF-8 actually) to copy filtered resources, i.e. build is platform dependent!
2018-01-30 21:19:28,854 [Worker-17] INFO  o.e.m.c.i.embedder.EclipseLogger - skip non existing resourceDirectory /Users/Kabir/Sandbox/Java/udemy/Spring1/springcore/src/test/resources
2018-01-30 21:19:48,246 [Worker-2] WARN  o.e.m.c.i.embedder.EclipseLogger - Using platform encoding (UTF-8 actually) to copy filtered resources, i.e. build is platform dependent!
2018-01-30 21:19:48,248 [Worker-2] INFO  o.e.m.c.i.embedder.EclipseLogger - Copying 1 resource
2018-01-30 21:19:48,250 [Worker-2] WARN  o.e.m.c.i.embedder.EclipseLogger - Using platform encoding (UTF-8 actually) to copy filtered resources, i.e. build is platform dependent!
2018-01-30 21:19:48,250 [Worker-2] INFO  o.e.m.c.i.embedder.EclipseLogger - skip non existing resourceDirectory /Users/Kabir/Sandbox/Java/udemy/Spring1/springcore/src/test/resources
2018-01-30 21:20:27,814 [Worker-4] WARN  o.e.m.c.i.embedder.EclipseLogger - Using platform encoding (UTF-8 actually) to copy filtered resources, i.e. build is platform dependent!
2018-01-30 21:20:27,816 [Worker-4] INFO  o.e.m.c.i.embedder.EclipseLogger - Copying 1 resource
2018-01-30 21:20:27,818 [Worker-4] WARN  o.e.m.c.i.embedder.EclipseLogger - Using platform encoding (UTF-8 actually) to copy filtered resources, i.e. build is platform dependent!
2018-01-30 21:20:27,819 [Worker-4] INFO  o.e.m.c.i.embedder.EclipseLogger - skip non existing resourceDirectory /Users/Kabir/Sandbox/Java/udemy/Spring1/springcore/src/test/resources
2018-01-30 21:20:58,553 [Worker-21] WARN  o.e.m.c.i.embedder.EclipseLogger - Using platform encoding (UTF-8 actually) to copy filtered resources, i.e. build is platform dependent!
2018-01-30 21:20:58,554 [Worker-21] INFO  o.e.m.c.i.embedder.EclipseLogger - Copying 1 resource
2018-01-30 21:20:58,556 [Worker-21] WARN  o.e.m.c.i.embedder.EclipseLogger - Using platform encoding (UTF-8 actually) to copy filtered resources, i.e. build is platform dependent!
2018-01-30 21:20:58,558 [Worker-21] INFO  o.e.m.c.i.embedder.EclipseLogger - skip non existing resourceDirectory /Users/Kabir/Sandbox/Java/udemy/Spring1/springcore/src/test/resources
2018-01-30 21:21:02,906 [Worker-22] WARN  o.e.m.c.i.embedder.EclipseLogger - Using platform encoding (UTF-8 actually) to copy filtered resources, i.e. build is platform dependent!
2018-01-30 21:21:02,907 [Worker-22] INFO  o.e.m.c.i.embedder.EclipseLogger - Copying 1 resource
2018-01-30 21:21:02,910 [Worker-22] WARN  o.e.m.c.i.embedder.EclipseLogger - Using platform encoding (UTF-8 actually) to copy filtered resources, i.e. build is platform dependent!
2018-01-30 21:21:02,911 [Worker-22] INFO  o.e.m.c.i.embedder.EclipseLogger - skip non existing resourceDirectory /Users/Kabir/Sandbox/Java/udemy/Spring1/springcore/src/test/resources
2018-01-30 21:27:38,730 [Worker-25] INFO  o.e.m.c.i.p.ProjectConfigurationManager - Update started
2018-01-30 21:27:39,463 [Worker-25] INFO  o.e.m.c.i.l.LifecycleMappingFactory - Using org.eclipse.m2e.jdt.JarLifecycleMapping lifecycle mapping for MavenProject: me.ankit.Spring:springcore:0.0.1-SNAPSHOT @ /Users/Kabir/Sandbox/Java/udemy/Spring1/springcore/pom.xml.
2018-01-30 21:27:39,850 [Worker-25] INFO  o.e.m.j.i.AbstractJavaProjectConfigurator - Adding source folder /springcore/src/main/java
2018-01-30 21:27:39,850 [Worker-25] INFO  o.e.m.j.i.AbstractJavaProjectConfigurator - Adding resource folder /springcore/src/main/resources
2018-01-30 21:27:39,851 [Worker-25] INFO  o.e.m.j.i.AbstractJavaProjectConfigurator - Adding source folder /springcore/src/test/java
2018-01-30 21:27:40,037 [Worker-25] INFO  o.e.m.c.i.p.ProjectConfigurationManager - Update completed: 1 sec
2018-01-30 21:27:40,296 [Worker-24] WARN  o.e.m.c.i.embedder.EclipseLogger - Using platform encoding (UTF-8 actually) to copy filtered resources, i.e. build is platform dependent!
2018-01-30 21:27:40,298 [Worker-24] INFO  o.e.m.c.i.embedder.EclipseLogger - Copying 1 resource
2018-01-30 21:27:40,310 [Worker-24] WARN  o.e.m.c.i.embedder.EclipseLogger - Using platform encoding (UTF-8 actually) to copy filtered resources, i.e. build is platform dependent!
2018-01-30 21:27:40,311 [Worker-24] INFO  o.e.m.c.i.embedder.EclipseLogger - skip non existing resourceDirectory /Users/Kabir/Sandbox/Java/udemy/Spring1/springcore/src/test/resources
2018-01-30 21:27:49,174 [Worker-28] WARN  o.e.m.c.i.embedder.EclipseLogger - Using platform encoding (UTF-8 actually) to copy filtered resources, i.e. build is platform dependent!
2018-01-30 21:27:49,178 [Worker-28] INFO  o.e.m.c.i.embedder.EclipseLogger - Copying 1 resource
2018-01-30 21:27:49,180 [Worker-28] WARN  o.e.m.c.i.embedder.EclipseLogger - Using platform encoding (UTF-8 actually) to copy filtered resources, i.e. build is platform dependent!
2018-01-30 21:27:49,180 [Worker-28] INFO  o.e.m.c.i.embedder.EclipseLogger - skip non existing resourceDirectory /Users/Kabir/Sandbox/Java/udemy/Spring1/springcore/src/test/resources
2018-01-30 21:29:35,922 [Worker-29] WARN  o.e.m.c.i.embedder.EclipseLogger - Using platform encoding (UTF-8 actually) to copy filtered resources, i.e. build is platform dependent!
2018-01-30 21:29:35,924 [Worker-29] INFO  o.e.m.c.i.embedder.EclipseLogger - Copying 1 resource
2018-01-30 21:29:35,926 [Worker-29] WARN  o.e.m.c.i.embedder.EclipseLogger - Using platform encoding (UTF-8 actually) to copy filtered resources, i.e. build is platform dependent!
2018-01-30 21:29:35,927 [Worker-29] INFO  o.e.m.c.i.embedder.EclipseLogger - skip non existing resourceDirectory /Users/Kabir/Sandbox/Java/udemy/Spring1/springcore/src/test/resources
2018-01-30 21:54:03,880 [Worker-38] WARN  o.e.m.c.i.embedder.EclipseLogger - Using platform encoding (UTF-8 actually) to copy filtered resources, i.e. build is platform dependent!
2018-01-30 21:54:03,883 [Worker-38] INFO  o.e.m.c.i.embedder.EclipseLogger - Copying 1 resource
2018-01-30 21:54:03,886 [Worker-38] WARN  o.e.m.c.i.embedder.EclipseLogger - Using platform encoding (UTF-8 actually) to copy filtered resources, i.e. build is platform dependent!
2018-01-30 21:54:03,887 [Worker-38] INFO  o.e.m.c.i.embedder.EclipseLogger - skip non existing resourceDirectory /Users/Kabir/Sandbox/Java/udemy/Spring1/springcore/src/test/resources
2018-01-30 21:55:20,476 [Worker-41] WARN  o.e.m.c.i.embedder.EclipseLogger - Using platform encoding (UTF-8 actually) to copy filtered resources, i.e. build is platform dependent!
2018-01-30 21:55:20,478 [Worker-41] INFO  o.e.m.c.i.embedder.EclipseLogger - Copying 1 resource
2018-01-30 21:55:20,480 [Worker-41] WARN  o.e.m.c.i.embedder.EclipseLogger - Using platform encoding (UTF-8 actually) to copy filtered resources, i.e. build is platform dependent!
2018-01-30 21:55:20,481 [Worker-41] INFO  o.e.m.c.i.embedder.EclipseLogger - skip non existing resourceDirectory /Users/Kabir/Sandbox/Java/udemy/Spring1/springcore/src/test/resources
2018-01-30 21:56:23,413 [Worker-38] WARN  o.e.m.c.i.embedder.EclipseLogger - Using platform encoding (UTF-8 actually) to copy filtered resources, i.e. build is platform dependent!
2018-01-30 21:56:23,417 [Worker-38] INFO  o.e.m.c.i.embedder.EclipseLogger - Copying 1 resource
2018-01-30 21:56:23,419 [Worker-38] WARN  o.e.m.c.i.embedder.EclipseLogger - Using platform encoding (UTF-8 actually) to copy filtered resources, i.e. build is platform dependent!
2018-01-30 21:56:23,420 [Worker-38] INFO  o.e.m.c.i.embedder.EclipseLogger - skip non existing resourceDirectory /Users/Kabir/Sandbox/Java/udemy/Spring1/springcore/src/test/resources
2018-01-30 21:56:52,882 [Worker-40] WARN  o.e.m.c.i.embedder.EclipseLogger - Using platform encoding (UTF-8 actually) to copy filtered resources, i.e. build is platform dependent!
2018-01-30 21:56:52,884 [Worker-40] INFO  o.e.m.c.i.embedder.EclipseLogger - Copying 1 resource
2018-01-30 21:56:52,887 [Worker-40] WARN  o.e.m.c.i.embedder.EclipseLogger - Using platform encoding (UTF-8 actually) to copy filtered resources, i.e. build is platform dependent!
2018-01-30 21:56:52,887 [Worker-40] INFO  o.e.m.c.i.embedder.EclipseLogger - skip non existing resourceDirectory /Users/Kabir/Sandbox/Java/udemy/Spring1/springcore/src/test/resources
2018-01-30 21:57:23,512 [Worker-41] WARN  o.e.m.c.i.embedder.EclipseLogger - Using platform encoding (UTF-8 actually) to copy filtered resources, i.e. build is platform dependent!
2018-01-30 21:57:23,513 [Worker-41] INFO  o.e.m.c.i.embedder.EclipseLogger - Copying 1 resource
2018-01-30 21:57:23,517 [Worker-41] WARN  o.e.m.c.i.embedder.EclipseLogger - Using platform encoding (UTF-8 actually) to copy filtered resources, i.e. build is platform dependent!
2018-01-30 21:57:23,518 [Worker-41] INFO  o.e.m.c.i.embedder.EclipseLogger - skip non existing resourceDirectory /Users/Kabir/Sandbox/Java/udemy/Spring1/springcore/src/test/resources
2018-01-30 21:58:43,610 [Worker-43] WARN  o.e.m.c.i.embedder.EclipseLogger - Using platform encoding (UTF-8 actually) to copy filtered resources, i.e. build is platform dependent!
2018-01-30 21:58:43,612 [Worker-43] INFO  o.e.m.c.i.embedder.EclipseLogger - Copying 1 resource
2018-01-30 21:58:43,613 [Worker-43] WARN  o.e.m.c.i.embedder.EclipseLogger - Using platform encoding (UTF-8 actually) to copy filtered resources, i.e. build is platform dependent!
2018-01-30 21:58:43,614 [Worker-43] INFO  o.e.m.c.i.embedder.EclipseLogger - skip non existing resourceDirectory /Users/Kabir/Sandbox/Java/udemy/Spring1/springcore/src/test/resources
2018-01-30 21:59:41,626 [Worker-40] WARN  o.e.m.c.i.embedder.EclipseLogger - Using platform encoding (UTF-8 actually) to copy filtered resources, i.e. build is platform dependent!
2018-01-30 21:59:41,628 [Worker-40] INFO  o.e.m.c.i.embedder.EclipseLogger - Copying 1 resource
2018-01-30 21:59:41,630 [Worker-40] WARN  o.e.m.c.i.embedder.EclipseLogger - Using platform encoding (UTF-8 actually) to copy filtered resources, i.e. build is platform dependent!
2018-01-30 21:59:41,631 [Worker-40] INFO  o.e.m.c.i.embedder.EclipseLogger - skip non existing resourceDirectory /Users/Kabir/Sandbox/Java/udemy/Spring1/springcore/src/test/resources
2018-01-30 22:00:42,914 [Worker-38] WARN  o.e.m.c.i.embedder.EclipseLogger - Using platform encoding (UTF-8 actually) to copy filtered resources, i.e. build is platform dependent!
2018-01-30 22:00:42,915 [Worker-38] INFO  o.e.m.c.i.embedder.EclipseLogger - Copying 1 resource
2018-01-30 22:00:42,916 [Worker-38] WARN  o.e.m.c.i.embedder.EclipseLogger - Using platform encoding (UTF-8 actually) to copy filtered resources, i.e. build is platform dependent!
2018-01-30 22:00:42,917 [Worker-38] INFO  o.e.m.c.i.embedder.EclipseLogger - skip non existing resourceDirectory /Users/Kabir/Sandbox/Java/udemy/Spring1/springcore/src/test/resources
2018-01-30 22:01:51,623 [Worker-41] WARN  o.e.m.c.i.embedder.EclipseLogger - Using platform encoding (UTF-8 actually) to copy filtered resources, i.e. build is platform dependent!
2018-01-30 22:01:51,625 [Worker-41] INFO  o.e.m.c.i.embedder.EclipseLogger - Copying 1 resource
2018-01-30 22:01:51,627 [Worker-41] WARN  o.e.m.c.i.embedder.EclipseLogger - Using platform encoding (UTF-8 actually) to copy filtered resources, i.e. build is platform dependent!
2018-01-30 22:01:51,627 [Worker-41] INFO  o.e.m.c.i.embedder.EclipseLogger - skip non existing resourceDirectory /Users/Kabir/Sandbox/Java/udemy/Spring1/springcore/src/test/resources
2018-01-30 22:02:42,775 [Worker-34] WARN  o.e.m.c.i.embedder.EclipseLogger - Using platform encoding (UTF-8 actually) to copy filtered resources, i.e. build is platform dependent!
2018-01-30 22:02:42,776 [Worker-34] INFO  o.e.m.c.i.embedder.EclipseLogger - Copying 1 resource
2018-01-30 22:02:42,778 [Worker-34] WARN  o.e.m.c.i.embedder.EclipseLogger - Using platform encoding (UTF-8 actually) to copy filtered resources, i.e. build is platform dependent!
2018-01-30 22:02:42,779 [Worker-34] INFO  o.e.m.c.i.embedder.EclipseLogger - skip non existing resourceDirectory /Users/Kabir/Sandbox/Java/udemy/Spring1/springcore/src/test/resources
2018-01-30 22:02:51,814 [Worker-38] WARN  o.e.m.c.i.embedder.EclipseLogger - Using platform encoding (UTF-8 actually) to copy filtered resources, i.e. build is platform dependent!
2018-01-30 22:02:51,815 [Worker-38] INFO  o.e.m.c.i.embedder.EclipseLogger - Copying 1 resource
2018-01-30 22:02:51,817 [Worker-38] WARN  o.e.m.c.i.embedder.EclipseLogger - Using platform encoding (UTF-8 actually) to copy filtered resources, i.e. build is platform dependent!
2018-01-30 22:02:51,818 [Worker-38] INFO  o.e.m.c.i.embedder.EclipseLogger - skip non existing resourceDirectory /Users/Kabir/Sandbox/Java/udemy/Spring1/springcore/src/test/resources
2018-01-30 22:02:54,755 [Worker-34] WARN  o.e.m.c.i.embedder.EclipseLogger - Using platform encoding (UTF-8 actually) to copy filtered resources, i.e. build is platform dependent!
2018-01-30 22:02:54,756 [Worker-34] INFO  o.e.m.c.i.embedder.EclipseLogger - Copying 1 resource
2018-01-30 22:02:54,757 [Worker-34] WARN  o.e.m.c.i.embedder.EclipseLogger - Using platform encoding (UTF-8 actually) to copy filtered resources, i.e. build is platform dependent!
2018-01-30 22:02:54,758 [Worker-34] INFO  o.e.m.c.i.embedder.EclipseLogger - skip non existing resourceDirectory /Users/Kabir/Sandbox/Java/udemy/Spring1/springcore/src/test/resources
2018-01-30 22:03:19,344 [Worker-44] WARN  o.e.m.c.i.embedder.EclipseLogger - Using platform encoding (UTF-8 actually) to copy filtered resources, i.e. build is platform dependent!
2018-01-30 22:03:19,346 [Worker-44] INFO  o.e.m.c.i.embedder.EclipseLogger - Copying 1 resource
2018-01-30 22:03:19,350 [Worker-44] WARN  o.e.m.c.i.embedder.EclipseLogger - Using platform encoding (UTF-8 actually) to copy filtered resources, i.e. build is platform dependent!
2018-01-30 22:03:19,350 [Worker-44] INFO  o.e.m.c.i.embedder.EclipseLogger - skip non existing resourceDirectory /Users/Kabir/Sandbox/Java/udemy/Spring1/springcore/src/test/resources
2018-01-30 22:03:39,436 [Worker-43] WARN  o.e.m.c.i.embedder.EclipseLogger - Using platform encoding (UTF-8 actually) to copy filtered resources, i.e. build is platform dependent!
2018-01-30 22:03:39,437 [Worker-43] INFO  o.e.m.c.i.embedder.EclipseLogger - Copying 1 resource
2018-01-30 22:03:39,439 [Worker-43] WARN  o.e.m.c.i.embedder.EclipseLogger - Using platform encoding (UTF-8 actually) to copy filtered resources, i.e. build is platform dependent!
2018-01-30 22:03:39,440 [Worker-43] INFO  o.e.m.c.i.embedder.EclipseLogger - skip non existing resourceDirectory /Users/Kabir/Sandbox/Java/udemy/Spring1/springcore/src/test/resources
2018-01-30 22:04:09,392 [Worker-40] WARN  o.e.m.c.i.embedder.EclipseLogger - Using platform encoding (UTF-8 actually) to copy filtered resources, i.e. build is platform dependent!
2018-01-30 22:04:09,395 [Worker-40] INFO  o.e.m.c.i.embedder.EclipseLogger - Copying 1 resource
2018-01-30 22:04:09,397 [Worker-40] WARN  o.e.m.c.i.embedder.EclipseLogger - Using platform encoding (UTF-8 actually) to copy filtered resources, i.e. build is platform dependent!
2018-01-30 22:04:09,398 [Worker-40] INFO  o.e.m.c.i.embedder.EclipseLogger - skip non existing resourceDirectory /Users/Kabir/Sandbox/Java/udemy/Spring1/springcore/src/test/resources
2018-01-30 22:04:38,058 [Worker-34] WARN  o.e.m.c.i.embedder.EclipseLogger - Using platform encoding (UTF-8 actually) to copy filtered resources, i.e. build is platform dependent!
2018-01-30 22:04:38,060 [Worker-34] INFO  o.e.m.c.i.embedder.EclipseLogger - Copying 1 resource
2018-01-30 22:04:38,062 [Worker-34] WARN  o.e.m.c.i.embedder.EclipseLogger - Using platform encoding (UTF-8 actually) to copy filtered resources, i.e. build is platform dependent!
2018-01-30 22:04:38,063 [Worker-34] INFO  o.e.m.c.i.embedder.EclipseLogger - skip non existing resourceDirectory /Users/Kabir/Sandbox/Java/udemy/Spring1/springcore/src/test/resources
2018-01-30 22:05:34,989 [Worker-40] WARN  o.e.m.c.i.embedder.EclipseLogger - Using platform encoding (UTF-8 actually) to copy filtered resources, i.e. build is platform dependent!
2018-01-30 22:05:34,990 [Worker-40] INFO  o.e.m.c.i.embedder.EclipseLogger - Copying 1 resource
2018-01-30 22:05:34,992 [Worker-40] WARN  o.e.m.c.i.embedder.EclipseLogger - Using platform encoding (UTF-8 actually) to copy filtered resources, i.e. build is platform dependent!
2018-01-30 22:05:34,992 [Worker-40] INFO  o.e.m.c.i.embedder.EclipseLogger - skip non existing resourceDirectory /Users/Kabir/Sandbox/Java/udemy/Spring1/springcore/src/test/resources
2018-01-30 22:06:29,259 [Worker-41] WARN  o.e.m.c.i.embedder.EclipseLogger - Using platform encoding (UTF-8 actually) to copy filtered resources, i.e. build is platform dependent!
2018-01-30 22:06:29,261 [Worker-41] INFO  o.e.m.c.i.embedder.EclipseLogger - Copying 1 resource
2018-01-30 22:06:29,263 [Worker-41] WARN  o.e.m.c.i.embedder.EclipseLogger - Using platform encoding (UTF-8 actually) to copy filtered resources, i.e. build is platform dependent!
2018-01-30 22:06:29,264 [Worker-41] INFO  o.e.m.c.i.embedder.EclipseLogger - skip non existing resourceDirectory /Users/Kabir/Sandbox/Java/udemy/Spring1/springcore/src/test/resources
2018-01-30 22:07:09,410 [Worker-45] WARN  o.e.m.c.i.embedder.EclipseLogger - Using platform encoding (UTF-8 actually) to copy filtered resources, i.e. build is platform dependent!
2018-01-30 22:07:09,411 [Worker-45] INFO  o.e.m.c.i.embedder.EclipseLogger - Copying 1 resource
2018-01-30 22:07:09,412 [Worker-45] WARN  o.e.m.c.i.embedder.EclipseLogger - Using platform encoding (UTF-8 actually) to copy filtered resources, i.e. build is platform dependent!
2018-01-30 22:07:09,413 [Worker-45] INFO  o.e.m.c.i.embedder.EclipseLogger - skip non existing resourceDirectory /Users/Kabir/Sandbox/Java/udemy/Spring1/springcore/src/test/resources
2018-01-30 22:07:44,795 [Worker-34] WARN  o.e.m.c.i.embedder.EclipseLogger - Using platform encoding (UTF-8 actually) to copy filtered resources, i.e. build is platform dependent!
2018-01-30 22:07:44,796 [Worker-34] INFO  o.e.m.c.i.embedder.EclipseLogger - Copying 1 resource
2018-01-30 22:07:44,797 [Worker-34] WARN  o.e.m.c.i.embedder.EclipseLogger - Using platform encoding (UTF-8 actually) to copy filtered resources, i.e. build is platform dependent!
2018-01-30 22:07:44,798 [Worker-34] INFO  o.e.m.c.i.embedder.EclipseLogger - skip non existing resourceDirectory /Users/Kabir/Sandbox/Java/udemy/Spring1/springcore/src/test/resources
2018-01-30 22:10:07,406 [Worker-40] WARN  o.e.m.c.i.embedder.EclipseLogger - Using platform encoding (UTF-8 actually) to copy filtered resources, i.e. build is platform dependent!
2018-01-30 22:10:07,409 [Worker-40] INFO  o.e.m.c.i.embedder.EclipseLogger - Copying 1 resource
2018-01-30 22:10:07,411 [Worker-40] WARN  o.e.m.c.i.embedder.EclipseLogger - Using platform encoding (UTF-8 actually) to copy filtered resources, i.e. build is platform dependent!
2018-01-30 22:10:07,411 [Worker-40] INFO  o.e.m.c.i.embedder.EclipseLogger - skip non existing resourceDirectory /Users/Kabir/Sandbox/Java/udemy/Spring1/springcore/src/test/resources
2018-01-30 22:10:16,686 [Worker-46] WARN  o.e.m.c.i.embedder.EclipseLogger - Using platform encoding (UTF-8 actually) to copy filtered resources, i.e. build is platform dependent!
2018-01-30 22:10:16,687 [Worker-46] INFO  o.e.m.c.i.embedder.EclipseLogger - Copying 1 resource
2018-01-30 22:10:16,689 [Worker-46] WARN  o.e.m.c.i.embedder.EclipseLogger - Using platform encoding (UTF-8 actually) to copy filtered resources, i.e. build is platform dependent!
2018-01-30 22:10:16,689 [Worker-46] INFO  o.e.m.c.i.embedder.EclipseLogger - skip non existing resourceDirectory /Users/Kabir/Sandbox/Java/udemy/Spring1/springcore/src/test/resources
2018-01-30 22:11:12,717 [Worker-44] WARN  o.e.m.c.i.embedder.EclipseLogger - Using platform encoding (UTF-8 actually) to copy filtered resources, i.e. build is platform dependent!
2018-01-30 22:11:12,719 [Worker-44] INFO  o.e.m.c.i.embedder.EclipseLogger - Copying 1 resource
2018-01-30 22:11:12,720 [Worker-44] WARN  o.e.m.c.i.embedder.EclipseLogger - Using platform encoding (UTF-8 actually) to copy filtered resources, i.e. build is platform dependent!
2018-01-30 22:11:12,721 [Worker-44] INFO  o.e.m.c.i.embedder.EclipseLogger - skip non existing resourceDirectory /Users/Kabir/Sandbox/Java/udemy/Spring1/springcore/src/test/resources
2018-01-30 22:11:22,342 [Worker-40] WARN  o.e.m.c.i.embedder.EclipseLogger - Using platform encoding (UTF-8 actually) to copy filtered resources, i.e. build is platform dependent!
2018-01-30 22:11:22,343 [Worker-40] INFO  o.e.m.c.i.embedder.EclipseLogger - Copying 1 resource
2018-01-30 22:11:22,345 [Worker-40] WARN  o.e.m.c.i.embedder.EclipseLogger - Using platform encoding (UTF-8 actually) to copy filtered resources, i.e. build is platform dependent!
2018-01-30 22:11:22,346 [Worker-40] INFO  o.e.m.c.i.embedder.EclipseLogger - skip non existing resourceDirectory /Users/Kabir/Sandbox/Java/udemy/Spring1/springcore/src/test/resources
2018-01-30 22:11:27,379 [Worker-48] WARN  o.e.m.c.i.embedder.EclipseLogger - Using platform encoding (UTF-8 actually) to copy filtered resources, i.e. build is platform dependent!
2018-01-30 22:11:27,380 [Worker-48] INFO  o.e.m.c.i.embedder.EclipseLogger - Copying 1 resource
2018-01-30 22:11:27,381 [Worker-48] WARN  o.e.m.c.i.embedder.EclipseLogger - Using platform encoding (UTF-8 actually) to copy filtered resources, i.e. build is platform dependent!
2018-01-30 22:11:27,382 [Worker-48] INFO  o.e.m.c.i.embedder.EclipseLogger - skip non existing resourceDirectory /Users/Kabir/Sandbox/Java/udemy/Spring1/springcore/src/test/resources
2018-01-30 22:13:20,918 [Worker-40] WARN  o.e.m.c.i.embedder.EclipseLogger - Using platform encoding (UTF-8 actually) to copy filtered resources, i.e. build is platform dependent!
2018-01-30 22:13:20,920 [Worker-40] INFO  o.e.m.c.i.embedder.EclipseLogger - Copying 1 resource
2018-01-30 22:13:20,921 [Worker-40] WARN  o.e.m.c.i.embedder.EclipseLogger - Using platform encoding (UTF-8 actually) to copy filtered resources, i.e. build is platform dependent!
2018-01-30 22:13:20,922 [Worker-40] INFO  o.e.m.c.i.embedder.EclipseLogger - skip non existing resourceDirectory /Users/Kabir/Sandbox/Java/udemy/Spring1/springcore/src/test/resources
2018-01-30 22:13:23,476 [Worker-47] WARN  o.e.m.c.i.embedder.EclipseLogger - Using platform encoding (UTF-8 actually) to copy filtered resources, i.e. build is platform dependent!
2018-01-30 22:13:23,477 [Worker-47] INFO  o.e.m.c.i.embedder.EclipseLogger - Copying 1 resource
2018-01-30 22:13:23,478 [Worker-47] WARN  o.e.m.c.i.embedder.EclipseLogger - Using platform encoding (UTF-8 actually) to copy filtered resources, i.e. build is platform dependent!
2018-01-30 22:13:23,479 [Worker-47] INFO  o.e.m.c.i.embedder.EclipseLogger - skip non existing resourceDirectory /Users/Kabir/Sandbox/Java/udemy/Spring1/springcore/src/test/resources
2018-01-30 22:14:05,076 [Worker-44] WARN  o.e.m.c.i.embedder.EclipseLogger - Using platform encoding (UTF-8 actually) to copy filtered resources, i.e. build is platform dependent!
2018-01-30 22:14:05,077 [Worker-44] INFO  o.e.m.c.i.embedder.EclipseLogger - Copying 1 resource
2018-01-30 22:14:05,079 [Worker-44] WARN  o.e.m.c.i.embedder.EclipseLogger - Using platform encoding (UTF-8 actually) to copy filtered resources, i.e. build is platform dependent!
2018-01-30 22:14:05,080 [Worker-44] INFO  o.e.m.c.i.embedder.EclipseLogger - skip non existing resourceDirectory /Users/Kabir/Sandbox/Java/udemy/Spring1/springcore/src/test/resources
2018-01-30 22:15:48,695 [Worker-51] WARN  o.e.m.c.i.embedder.EclipseLogger - Using platform encoding (UTF-8 actually) to copy filtered resources, i.e. build is platform dependent!
2018-01-30 22:15:48,696 [Worker-51] INFO  o.e.m.c.i.embedder.EclipseLogger - Copying 1 resource
2018-01-30 22:15:48,698 [Worker-51] WARN  o.e.m.c.i.embedder.EclipseLogger - Using platform encoding (UTF-8 actually) to copy filtered resources, i.e. build is platform dependent!
2018-01-30 22:15:48,698 [Worker-51] INFO  o.e.m.c.i.embedder.EclipseLogger - skip non existing resourceDirectory /Users/Kabir/Sandbox/Java/udemy/Spring1/springcore/src/test/resources
2018-01-30 22:16:35,288 [Worker-51] WARN  o.e.m.c.i.embedder.EclipseLogger - Using platform encoding (UTF-8 actually) to copy filtered resources, i.e. build is platform dependent!
2018-01-30 22:16:35,289 [Worker-51] INFO  o.e.m.c.i.embedder.EclipseLogger - Copying 1 resource
2018-01-30 22:16:35,291 [Worker-51] WARN  o.e.m.c.i.embedder.EclipseLogger - Using platform encoding (UTF-8 actually) to copy filtered resources, i.e. build is platform dependent!
2018-01-30 22:16:35,291 [Worker-51] INFO  o.e.m.c.i.embedder.EclipseLogger - skip non existing resourceDirectory /Users/Kabir/Sandbox/Java/udemy/Spring1/springcore/src/test/resources
2018-01-30 22:17:59,641 [Worker-51] WARN  o.e.m.c.i.embedder.EclipseLogger - Using platform encoding (UTF-8 actually) to copy filtered resources, i.e. build is platform dependent!
2018-01-30 22:17:59,643 [Worker-51] INFO  o.e.m.c.i.embedder.EclipseLogger - Copying 1 resource
2018-01-30 22:17:59,644 [Worker-51] WARN  o.e.m.c.i.embedder.EclipseLogger - Using platform encoding (UTF-8 actually) to copy filtered resources, i.e. build is platform dependent!
2018-01-30 22:17:59,645 [Worker-51] INFO  o.e.m.c.i.embedder.EclipseLogger - skip non existing resourceDirectory /Users/Kabir/Sandbox/Java/udemy/Spring1/springcore/src/test/resources
2018-01-30 22:47:27,128 [Worker-55] WARN  o.e.m.c.i.embedder.EclipseLogger - Using platform encoding (UTF-8 actually) to copy filtered resources, i.e. build is platform dependent!
2018-01-30 22:47:27,130 [Worker-55] INFO  o.e.m.c.i.embedder.EclipseLogger - Copying 1 resource
2018-01-30 22:47:27,132 [Worker-55] WARN  o.e.m.c.i.embedder.EclipseLogger - Using platform encoding (UTF-8 actually) to copy filtered resources, i.e. build is platform dependent!
2018-01-30 22:47:27,133 [Worker-55] INFO  o.e.m.c.i.embedder.EclipseLogger - skip non existing resourceDirectory /Users/Kabir/Sandbox/Java/udemy/Spring1/springcore/src/test/resources
2018-01-30 22:47:38,198 [Worker-52] WARN  o.e.m.c.i.embedder.EclipseLogger - Using platform encoding (UTF-8 actually) to copy filtered resources, i.e. build is platform dependent!
2018-01-30 22:47:38,199 [Worker-52] INFO  o.e.m.c.i.embedder.EclipseLogger - Copying 1 resource
2018-01-30 22:47:38,200 [Worker-52] WARN  o.e.m.c.i.embedder.EclipseLogger - Using platform encoding (UTF-8 actually) to copy filtered resources, i.e. build is platform dependent!
2018-01-30 22:47:38,201 [Worker-52] INFO  o.e.m.c.i.embedder.EclipseLogger - skip non existing resourceDirectory /Users/Kabir/Sandbox/Java/udemy/Spring1/springcore/src/test/resources
2018-01-30 22:47:51,483 [Worker-56] WARN  o.e.m.c.i.embedder.EclipseLogger - Using platform encoding (UTF-8 actually) to copy filtered resources, i.e. build is platform dependent!
2018-01-30 22:47:51,484 [Worker-56] INFO  o.e.m.c.i.embedder.EclipseLogger - Copying 1 resource
2018-01-30 22:47:51,485 [Worker-56] WARN  o.e.m.c.i.embedder.EclipseLogger - Using platform encoding (UTF-8 actually) to copy filtered resources, i.e. build is platform dependent!
2018-01-30 22:47:51,486 [Worker-56] INFO  o.e.m.c.i.embedder.EclipseLogger - skip non existing resourceDirectory /Users/Kabir/Sandbox/Java/udemy/Spring1/springcore/src/test/resources
2018-01-30 22:49:55,561 [Worker-60] WARN  o.e.m.c.i.embedder.EclipseLogger - Using platform encoding (UTF-8 actually) to copy filtered resources, i.e. build is platform dependent!
2018-01-30 22:49:55,562 [Worker-60] INFO  o.e.m.c.i.embedder.EclipseLogger - Copying 1 resource
2018-01-30 22:49:55,564 [Worker-60] WARN  o.e.m.c.i.embedder.EclipseLogger - Using platform encoding (UTF-8 actually) to copy filtered resources, i.e. build is platform dependent!
2018-01-30 22:49:55,564 [Worker-60] INFO  o.e.m.c.i.embedder.EclipseLogger - skip non existing resourceDirectory /Users/Kabir/Sandbox/Java/udemy/Spring1/springcore/src/test/resources
2018-01-30 22:50:00,323 [Worker-59] WARN  o.e.m.c.i.embedder.EclipseLogger - Using platform encoding (UTF-8 actually) to copy filtered resources, i.e. build is platform dependent!
2018-01-30 22:50:00,324 [Worker-59] INFO  o.e.m.c.i.embedder.EclipseLogger - Copying 1 resource
2018-01-30 22:50:00,325 [Worker-59] WARN  o.e.m.c.i.embedder.EclipseLogger - Using platform encoding (UTF-8 actually) to copy filtered resources, i.e. build is platform dependent!
2018-01-30 22:50:00,326 [Worker-59] INFO  o.e.m.c.i.embedder.EclipseLogger - skip non existing resourceDirectory /Users/Kabir/Sandbox/Java/udemy/Spring1/springcore/src/test/resources
2018-01-30 23:10:56,375 [Worker-68] WARN  o.e.m.c.i.embedder.EclipseLogger - Using platform encoding (UTF-8 actually) to copy filtered resources, i.e. build is platform dependent!
2018-01-30 23:10:56,379 [Worker-68] INFO  o.e.m.c.i.embedder.EclipseLogger - Copying 1 resource
2018-01-30 23:10:56,382 [Worker-68] WARN  o.e.m.c.i.embedder.EclipseLogger - Using platform encoding (UTF-8 actually) to copy filtered resources, i.e. build is platform dependent!
2018-01-30 23:10:56,383 [Worker-68] INFO  o.e.m.c.i.embedder.EclipseLogger - skip non existing resourceDirectory /Users/Kabir/Sandbox/Java/udemy/Spring1/springcore/src/test/resources
2018-01-30 23:11:16,247 [Worker-70] WARN  o.e.m.c.i.embedder.EclipseLogger - Using platform encoding (UTF-8 actually) to copy filtered resources, i.e. build is platform dependent!
2018-01-30 23:11:16,251 [Worker-70] INFO  o.e.m.c.i.embedder.EclipseLogger - Copying 1 resource
2018-01-30 23:11:16,253 [Worker-70] WARN  o.e.m.c.i.embedder.EclipseLogger - Using platform encoding (UTF-8 actually) to copy filtered resources, i.e. build is platform dependent!
2018-01-30 23:11:16,254 [Worker-70] INFO  o.e.m.c.i.embedder.EclipseLogger - skip non existing resourceDirectory /Users/Kabir/Sandbox/Java/udemy/Spring1/springcore/src/test/resources
2018-01-31 14:27:13,475 [Worker-3] WARN  o.e.m.c.i.embedder.EclipseLogger - Using platform encoding (UTF-8 actually) to copy filtered resources, i.e. build is platform dependent!
2018-01-31 14:27:13,508 [Worker-3] INFO  o.e.m.c.i.embedder.EclipseLogger - Copying 1 resource
2018-01-31 14:27:13,519 [Worker-3] WARN  o.e.m.c.i.embedder.EclipseLogger - Using platform encoding (UTF-8 actually) to copy filtered resources, i.e. build is platform dependent!
2018-01-31 14:27:13,520 [Worker-3] INFO  o.e.m.c.i.embedder.EclipseLogger - skip non existing resourceDirectory /Users/Kabir/Sandbox/Java/udemy/Spring1/springcore/src/test/resources
2018-01-31 14:30:31,986 [Worker-20] INFO  o.e.m.c.i.p.ProjectConfigurationManager - Collecting project info '/pom.xml' /Users/Kabir/Sandbox/Java/udemy/Spring1/advancedSpring/pom.xml
2018-01-31 14:30:32,933 [Worker-20] INFO  o.e.m.c.i.l.LifecycleMappingFactory - Using org.eclipse.m2e.jdt.JarLifecycleMapping lifecycle mapping for MavenProject: me.ankit.Spring:advancedSpring:0.0.1-SNAPSHOT @ /Users/Kabir/Sandbox/Java/udemy/Spring1/advancedSpring/pom.xml.
2018-01-31 14:30:33,365 [Worker-20] INFO  o.e.m.j.i.AbstractJavaProjectConfigurator - Adding source folder /advancedSpring/src/main/java
2018-01-31 14:30:33,369 [Worker-20] INFO  o.e.m.j.i.AbstractJavaProjectConfigurator - Adding source folder /advancedSpring/src/test/java
2018-01-31 14:30:33,445 [Worker-20] INFO  o.e.m.c.i.p.ProjectConfigurationManager - Imported and configured 1 project(s) in 1 sec
2018-01-31 14:30:34,121 [Worker-22] INFO  o.e.m.c.i.embedder.EclipseLogger - Using 'UTF-8' encoding to copy filtered resources.
2018-01-31 14:30:34,121 [Worker-22] INFO  o.e.m.c.i.embedder.EclipseLogger - skip non existing resourceDirectory /Users/Kabir/Sandbox/Java/udemy/Spring1/advancedSpring/src/main/resources
2018-01-31 14:30:34,123 [Worker-22] INFO  o.e.m.c.i.embedder.EclipseLogger - Using 'UTF-8' encoding to copy filtered resources.
2018-01-31 14:30:34,123 [Worker-22] INFO  o.e.m.c.i.embedder.EclipseLogger - skip non existing resourceDirectory /Users/Kabir/Sandbox/Java/udemy/Spring1/advancedSpring/src/test/resources
2018-01-31 14:31:36,633 [Worker-11] INFO  o.e.m.c.i.embedder.EclipseLogger - Using 'UTF-8' encoding to copy filtered resources.
2018-01-31 14:31:36,633 [Worker-11] INFO  o.e.m.c.i.embedder.EclipseLogger - skip non existing resourceDirectory /Users/Kabir/Sandbox/Java/udemy/Spring1/advancedSpring/src/main/resources
2018-01-31 14:31:36,635 [Worker-11] INFO  o.e.m.c.i.embedder.EclipseLogger - Using 'UTF-8' encoding to copy filtered resources.
2018-01-31 14:31:36,636 [Worker-11] INFO  o.e.m.c.i.embedder.EclipseLogger - skip non existing resourceDirectory /Users/Kabir/Sandbox/Java/udemy/Spring1/advancedSpring/src/test/resources
2018-01-31 14:31:45,457 [Worker-20] INFO  o.e.m.c.i.embedder.EclipseLogger - Using 'UTF-8' encoding to copy filtered resources.
2018-01-31 14:31:45,457 [Worker-20] INFO  o.e.m.c.i.embedder.EclipseLogger - skip non existing resourceDirectory /Users/Kabir/Sandbox/Java/udemy/Spring1/advancedSpring/src/main/resources
2018-01-31 14:31:45,459 [Worker-20] INFO  o.e.m.c.i.embedder.EclipseLogger - Using 'UTF-8' encoding to copy filtered resources.
2018-01-31 14:31:45,459 [Worker-20] INFO  o.e.m.c.i.embedder.EclipseLogger - skip non existing resourceDirectory /Users/Kabir/Sandbox/Java/udemy/Spring1/advancedSpring/src/test/resources
